<?xml version="1.0" encoding="UTF-8"?>
<trace:TraceModel
    xmi:version="2.0"
    xmlns:xmi="http://www.omg.org/XMI"
    xmlns:trace="http://www.eclipse.org/gmf/2006/Trace">
  <nodeTraces
      visualID="2001"
      queryText="(let _eClass_:ecore::EClass = modelFacet.metaClass.ecoreClass in _eClass_.ePackage.nsURI = 'https://www.WebDevProjectMM.com' and _eClass_.name = 'CreationCRUD') and (let _containmentMF_:ecore::EStructuralFeature = modelFacet.containmentMetaFeature.ecoreFeature in (let _eClass_:ecore::EClass = _containmentMF_.eContainingClass in _eClass_.ePackage.nsURI = 'https://www.WebDevProjectMM.com' and _eClass_.name = 'WebSite') and _containmentMF_.name = 'webPages')">
    <nodeLabelTraces
        visualID="5004"
        queryText="true"/>
    <compartmentTraces
        visualID="7001"
        queryText="true"/>
    <compartmentTraces
        visualID="7002"
        queryText="true"/>
  </nodeTraces>
  <nodeTraces
      visualID="2002"
      queryText="(let _eClass_:ecore::EClass = modelFacet.metaClass.ecoreClass in _eClass_.ePackage.nsURI = 'https://www.WebDevProjectMM.com' and _eClass_.name = 'DelitionCRUD') and (let _containmentMF_:ecore::EStructuralFeature = modelFacet.containmentMetaFeature.ecoreFeature in (let _eClass_:ecore::EClass = _containmentMF_.eContainingClass in _eClass_.ePackage.nsURI = 'https://www.WebDevProjectMM.com' and _eClass_.name = 'WebSite') and _containmentMF_.name = 'webPages')">
    <nodeLabelTraces
        visualID="5005"
        queryText="true"/>
    <compartmentTraces
        visualID="7003"
        queryText="true"/>
    <compartmentTraces
        visualID="7004"
        queryText="true"/>
  </nodeTraces>
  <nodeTraces
      visualID="2003"
      queryText="(let _eClass_:ecore::EClass = modelFacet.metaClass.ecoreClass in _eClass_.ePackage.nsURI = 'https://www.WebDevProjectMM.com' and _eClass_.name = 'AllCRUD') and (let _containmentMF_:ecore::EStructuralFeature = modelFacet.containmentMetaFeature.ecoreFeature in (let _eClass_:ecore::EClass = _containmentMF_.eContainingClass in _eClass_.ePackage.nsURI = 'https://www.WebDevProjectMM.com' and _eClass_.name = 'WebSite') and _containmentMF_.name = 'webPages')">
    <nodeLabelTraces
        visualID="5006"
        queryText="true"/>
    <compartmentTraces
        visualID="7005"
        queryText="true"/>
    <compartmentTraces
        visualID="7006"
        queryText="true"/>
  </nodeTraces>
  <nodeTraces
      visualID="2004"
      queryText="(let _eClass_:ecore::EClass = modelFacet.metaClass.ecoreClass in _eClass_.ePackage.nsURI = 'https://www.WebDevProjectMM.com' and _eClass_.name = 'IndexCRUD') and (let _containmentMF_:ecore::EStructuralFeature = modelFacet.containmentMetaFeature.ecoreFeature in (let _eClass_:ecore::EClass = _containmentMF_.eContainingClass in _eClass_.ePackage.nsURI = 'https://www.WebDevProjectMM.com' and _eClass_.name = 'WebSite') and _containmentMF_.name = 'webPages')">
    <nodeLabelTraces
        visualID="5007"
        queryText="true"/>
    <compartmentTraces
        visualID="7007"
        queryText="true"/>
    <compartmentTraces
        visualID="7008"
        queryText="true"/>
  </nodeTraces>
  <nodeTraces
      visualID="2005"
      queryText="(let _eClass_:ecore::EClass = modelFacet.metaClass.ecoreClass in _eClass_.ePackage.nsURI = 'https://www.WebDevProjectMM.com' and _eClass_.name = 'DetailCRUD') and (let _containmentMF_:ecore::EStructuralFeature = modelFacet.containmentMetaFeature.ecoreFeature in (let _eClass_:ecore::EClass = _containmentMF_.eContainingClass in _eClass_.ePackage.nsURI = 'https://www.WebDevProjectMM.com' and _eClass_.name = 'WebSite') and _containmentMF_.name = 'webPages')">
    <nodeLabelTraces
        visualID="5008"
        queryText="true"/>
    <compartmentTraces
        visualID="7009"
        queryText="true"/>
    <compartmentTraces
        visualID="7010"
        queryText="true"/>
  </nodeTraces>
  <nodeTraces
      visualID="2006"
      queryText="(let _eClass_:ecore::EClass = modelFacet.metaClass.ecoreClass in _eClass_.ePackage.nsURI = 'https://www.WebDevProjectMM.com' and _eClass_.name = 'RegularContentPage') and (let _containmentMF_:ecore::EStructuralFeature = modelFacet.containmentMetaFeature.ecoreFeature in (let _eClass_:ecore::EClass = _containmentMF_.eContainingClass in _eClass_.ePackage.nsURI = 'https://www.WebDevProjectMM.com' and _eClass_.name = 'WebSite') and _containmentMF_.name = 'webPages')">
    <nodeLabelTraces
        visualID="5009"
        queryText="true"/>
    <compartmentTraces
        visualID="7011"
        queryText="true"/>
    <compartmentTraces
        visualID="7012"
        queryText="true"/>
  </nodeTraces>
  <nodeTraces
      visualID="2007"
      queryText="(let _eClass_:ecore::EClass = modelFacet.metaClass.ecoreClass in _eClass_.ePackage.nsURI = 'https://www.WebDevProjectMM.com' and _eClass_.name = 'Form') and (let _containmentMF_:ecore::EStructuralFeature = modelFacet.containmentMetaFeature.ecoreFeature in (let _eClass_:ecore::EClass = _containmentMF_.eContainingClass in _eClass_.ePackage.nsURI = 'https://www.WebDevProjectMM.com' and _eClass_.name = 'WebSite') and _containmentMF_.name = 'webPages')">
    <nodeLabelTraces
        visualID="5013"
        queryText="true"/>
    <compartmentTraces
        visualID="7013"
        queryText="true"/>
    <compartmentTraces
        visualID="7014"
        queryText="true"/>
    <compartmentTraces
        visualID="7015"
        queryText="true"/>
  </nodeTraces>
  <nodeTraces
      visualID="2008"
      queryText="(let _eClass_:ecore::EClass = modelFacet.metaClass.ecoreClass in _eClass_.ePackage.nsURI = 'https://www.WebDevProjectMM.com' and _eClass_.name = 'Role') and (let _containmentMF_:ecore::EStructuralFeature = modelFacet.containmentMetaFeature.ecoreFeature in (let _eClass_:ecore::EClass = _containmentMF_.eContainingClass in _eClass_.ePackage.nsURI = 'https://www.WebDevProjectMM.com' and _eClass_.name = 'WebSite') and _containmentMF_.name = 'roles')">
    <nodeLabelTraces
        visualID="5014"
        queryText="true"/>
  </nodeTraces>
  <childNodeTraces
      visualID="3001"
      queryText="(let _eClass_:ecore::EClass = modelFacet.metaClass.ecoreClass in _eClass_.ePackage.nsURI = 'https://www.WebDevProjectMM.com' and _eClass_.name = 'Text') and (let _containmentMF_:ecore::EStructuralFeature = modelFacet.containmentMetaFeature.ecoreFeature in (let _eClass_:ecore::EClass = _containmentMF_.eContainingClass in _eClass_.ePackage.nsURI = 'https://www.WebDevProjectMM.com' and _eClass_.name = 'WebPage') and _containmentMF_.name = 'elements')">
    <nodeLabelTraces
        visualID="5001"
        queryText="true"/>
  </childNodeTraces>
  <childNodeTraces
      visualID="3002"
      queryText="(let _eClass_:ecore::EClass = modelFacet.metaClass.ecoreClass in _eClass_.ePackage.nsURI = 'https://www.WebDevProjectMM.com' and _eClass_.name = 'MediaContent') and (let _containmentMF_:ecore::EStructuralFeature = modelFacet.containmentMetaFeature.ecoreFeature in (let _eClass_:ecore::EClass = _containmentMF_.eContainingClass in _eClass_.ePackage.nsURI = 'https://www.WebDevProjectMM.com' and _eClass_.name = 'WebPage') and _containmentMF_.name = 'elements')">
    <nodeLabelTraces
        visualID="5002"
        queryText="true"/>
  </childNodeTraces>
  <childNodeTraces
      visualID="3003"
      queryText="(let _eClass_:ecore::EClass = modelFacet.metaClass.ecoreClass in _eClass_.ePackage.nsURI = 'https://www.WebDevProjectMM.com' and _eClass_.name = 'SocialNetworkContent') and (let _containmentMF_:ecore::EStructuralFeature = modelFacet.containmentMetaFeature.ecoreFeature in (let _eClass_:ecore::EClass = _containmentMF_.eContainingClass in _eClass_.ePackage.nsURI = 'https://www.WebDevProjectMM.com' and _eClass_.name = 'WebPage') and _containmentMF_.name = 'socialnetworkcontent')">
    <nodeLabelTraces
        visualID="5003"
        queryText="true"/>
  </childNodeTraces>
  <childNodeTraces
      visualID="3004"
      queryText="(let _eClass_:ecore::EClass = modelFacet.metaClass.ecoreClass in _eClass_.ePackage.nsURI = 'https://www.WebDevProjectMM.com' and _eClass_.name = 'StoredQuestion') and (let _containmentMF_:ecore::EStructuralFeature = modelFacet.containmentMetaFeature.ecoreFeature in (let _eClass_:ecore::EClass = _containmentMF_.eContainingClass in _eClass_.ePackage.nsURI = 'https://www.WebDevProjectMM.com' and _eClass_.name = 'Form') and _containmentMF_.name = 'questions')">
    <nodeLabelTraces
        visualID="5010"
        queryText="true"/>
  </childNodeTraces>
  <childNodeTraces
      visualID="3005"
      queryText="(let _eClass_:ecore::EClass = modelFacet.metaClass.ecoreClass in _eClass_.ePackage.nsURI = 'https://www.WebDevProjectMM.com' and _eClass_.name = 'QuestionDefinition') and (let _containmentMF_:ecore::EStructuralFeature = modelFacet.containmentMetaFeature.ecoreFeature in (let _eClass_:ecore::EClass = _containmentMF_.eContainingClass in _eClass_.ePackage.nsURI = 'https://www.WebDevProjectMM.com' and _eClass_.name = 'Form') and _containmentMF_.name = 'questions')">
    <nodeLabelTraces
        visualID="5012"
        queryText="true"/>
    <compartmentTraces
        visualID="7016"
        queryText="true"/>
  </childNodeTraces>
  <childNodeTraces
      visualID="3006"
      queryText="(let _eClass_:ecore::EClass = modelFacet.metaClass.ecoreClass in _eClass_.ePackage.nsURI = 'https://www.WebDevProjectMM.com' and _eClass_.name = 'PossibleAsnwer') and (let _containmentMF_:ecore::EStructuralFeature = modelFacet.containmentMetaFeature.ecoreFeature in (let _eClass_:ecore::EClass = _containmentMF_.eContainingClass in _eClass_.ePackage.nsURI = 'https://www.WebDevProjectMM.com' and _eClass_.name = 'QuestionDefinition') and _containmentMF_.name = 'possibleAsnwer')">
    <nodeLabelTraces
        visualID="5011"
        queryText="true"/>
  </childNodeTraces>
  <linkTraces
      visualID="4001"
      queryText="modelFacet.oclIsKindOf(gmfgen::TypeLinkModelFacet) and (let _eClass_:ecore::EClass = modelFacet.oclAsType(gmfgen::TypeLinkModelFacet).metaClass.ecoreClass in _eClass_.ePackage.nsURI = 'https://www.WebDevProjectMM.com' and _eClass_.name = 'PageLink')"/>
  <linkTraces
      visualID="4002"
      queryText="modelFacet.oclIsKindOf(gmfgen::FeatureLinkModelFacet) and (let _feature_:ecore::EStructuralFeature = modelFacet.oclAsType(gmfgen::FeatureLinkModelFacet).metaFeature.ecoreFeature in (let _eClass_:ecore::EClass = _feature_.eContainingClass in _eClass_.ePackage.nsURI = 'https://www.WebDevProjectMM.com' and _eClass_.name = 'Role') and _feature_.name = 'webpage')">
    <linkLabelTraces
        visualID="6001"
        queryText="true"/>
  </linkTraces>
  <linkTraces
      visualID="4003"
      queryText="modelFacet.oclIsKindOf(gmfgen::FeatureLinkModelFacet) and (let _feature_:ecore::EStructuralFeature = modelFacet.oclAsType(gmfgen::FeatureLinkModelFacet).metaFeature.ecoreFeature in (let _eClass_:ecore::EClass = _feature_.eContainingClass in _eClass_.ePackage.nsURI = 'https://www.WebDevProjectMM.com' and _eClass_.name = 'Entity') and _feature_.name = 'refersTo')">
    <linkLabelTraces
        visualID="6002"
        queryText="true"/>
  </linkTraces>
</trace:TraceModel>
